<?xml version="1.0" encoding="UTF-8"?>
<testng-results skipped="0" failed="0" total="8" passed="8">
  <reporter-output>
  </reporter-output>
  <suite name="Default suite" duration-ms="20881" started-at="2014-06-02T14:15:03Z" finished-at="2014-06-02T14:15:24Z">
    <groups>
    </groups>
    <test name="Default test" duration-ms="20881" started-at="2014-06-02T14:15:03Z" finished-at="2014-06-02T14:15:24Z">
      <class name="com.example.tests.GroupModificationTests">
        <test-method status="PASS" signature="setUp()[pri:0, instance:com.example.tests.GroupModificationTests@13b6d03]" name="setUp" is-config="true" duration-ms="8136" started-at="2014-06-02T18:15:03Z" finished-at="2014-06-02T18:15:11Z">
          <reporter-output>
          </reporter-output>
        </test-method> <!-- setUp -->
        <test-method status="PASS" signature="modifySomeGroup()[pri:0, instance:com.example.tests.GroupModificationTests@13b6d03]" name="modifySomeGroup" duration-ms="1204" started-at="2014-06-02T18:15:22Z" finished-at="2014-06-02T18:15:23Z">
          <reporter-output>
          </reporter-output>
        </test-method> <!-- modifySomeGroup -->
        <test-method status="PASS" signature="tearDown()[pri:0, instance:com.example.tests.GroupModificationTests@13b6d03]" name="tearDown" is-config="true" duration-ms="251" started-at="2014-06-02T18:15:23Z" finished-at="2014-06-02T18:15:24Z">
          <reporter-output>
          </reporter-output>
        </test-method> <!-- tearDown -->
      </class> <!-- com.example.tests.GroupModificationTests -->
      <class name="com.example.tests.AddContact">
        <test-method status="PASS" signature="AddEmrtyContact()[pri:0, instance:com.example.tests.AddContact@233c0b17]" name="AddEmrtyContact" duration-ms="1905" started-at="2014-06-02T18:15:13Z" finished-at="2014-06-02T18:15:14Z">
          <reporter-output>
          </reporter-output>
        </test-method> <!-- AddEmrtyContact -->
        <test-method status="PASS" signature="testAddNewContact()[pri:0, instance:com.example.tests.AddContact@233c0b17]" name="testAddNewContact" duration-ms="2320" started-at="2014-06-02T18:15:14Z" finished-at="2014-06-02T18:15:17Z">
          <reporter-output>
          </reporter-output>
        </test-method> <!-- testAddNewContact -->
      </class> <!-- com.example.tests.AddContact -->
      <class name="com.example.tests.AlsoGroupCreationTests">
        <test-method status="PASS" signature="testEmptyGroupCreation()[pri:0, instance:com.example.tests.AlsoGroupCreationTests@61443d8f]" name="testEmptyGroupCreation" duration-ms="1158" started-at="2014-06-02T18:15:17Z" finished-at="2014-06-02T18:15:18Z">
          <reporter-output>
          </reporter-output>
        </test-method> <!-- testEmptyGroupCreation -->
      </class> <!-- com.example.tests.AlsoGroupCreationTests -->
      <class name="com.example.tests.AlsoAddContact">
        <test-method status="PASS" signature="AddEmrtyContact()[pri:0, instance:com.example.tests.AlsoAddContact@445b84c0]" name="AddEmrtyContact" duration-ms="1794" started-at="2014-06-02T18:15:20Z" finished-at="2014-06-02T18:15:22Z">
          <reporter-output>
          </reporter-output>
        </test-method> <!-- AddEmrtyContact -->
      </class> <!-- com.example.tests.AlsoAddContact -->
      <class name="com.example.tests.GroupCreationTests">
        <test-method status="PASS" signature="testEmptyGroupCreation()[pri:0, instance:com.example.tests.GroupCreationTests@66048bfd]" name="testEmptyGroupCreation" duration-ms="1210" started-at="2014-06-02T18:15:18Z" finished-at="2014-06-02T18:15:19Z">
          <reporter-output>
          </reporter-output>
        </test-method> <!-- testEmptyGroupCreation -->
        <test-method status="PASS" signature="testNonEmptyGroupCreation()[pri:0, instance:com.example.tests.GroupCreationTests@66048bfd]" name="testNonEmptyGroupCreation" duration-ms="1303" started-at="2014-06-02T18:15:19Z" finished-at="2014-06-02T18:15:20Z">
          <reporter-output>
          </reporter-output>
        </test-method> <!-- testNonEmptyGroupCreation -->
      </class> <!-- com.example.tests.GroupCreationTests -->
      <class name="com.example.tests.GroupRemovalTests">
        <test-method status="PASS" signature="deleteSomeGroup()[pri:0, instance:com.example.tests.GroupRemovalTests@63d4e2ba]" name="deleteSomeGroup" duration-ms="1569" started-at="2014-06-02T18:15:11Z" finished-at="2014-06-02T18:15:13Z">
          <reporter-output>
          </reporter-output>
        </test-method> <!-- deleteSomeGroup -->
      </class> <!-- com.example.tests.GroupRemovalTests -->
    </test> <!-- Default test -->
  </suite> <!-- Default suite -->
</testng-results>
