<?xml version="1.0" encoding="UTF-8"?>
<testng-results skipped="0" failed="0" total="4" passed="4">
  <reporter-output>
  </reporter-output>
  <suite name="Default suite" duration-ms="12743" started-at="2014-05-20T06:58:27Z" finished-at="2014-05-20T06:58:39Z">
    <groups>
    </groups>
    <test name="Default test" duration-ms="12743" started-at="2014-05-20T06:58:27Z" finished-at="2014-05-20T06:58:39Z">
      <class name="com.example.tests.AlsoGroupCreationTests">
        <test-method status="PASS" signature="testEmptyGroupCreation()[pri:0, instance:com.example.tests.AlsoGroupCreationTests@21a06946]" name="testEmptyGroupCreation" duration-ms="1164" started-at="2014-05-20T10:58:37Z" finished-at="2014-05-20T10:58:38Z">
          <reporter-output>
          </reporter-output>
        </test-method> <!-- testEmptyGroupCreation -->
        <test-method status="PASS" signature="testNonEmptyGroupCreation()[pri:0, instance:com.example.tests.AlsoGroupCreationTests@21a06946]" name="testNonEmptyGroupCreation" duration-ms="1232" started-at="2014-05-20T10:58:38Z" finished-at="2014-05-20T10:58:39Z">
          <reporter-output>
          </reporter-output>
        </test-method> <!-- testNonEmptyGroupCreation -->
      </class> <!-- com.example.tests.AlsoGroupCreationTests -->
      <class name="com.example.tests.GroupCreationTests">
        <test-method status="PASS" signature="setUp()[pri:0, instance:com.example.tests.GroupCreationTests@629f0666]" name="setUp" is-config="true" duration-ms="6486" started-at="2014-05-20T10:58:27Z" finished-at="2014-05-20T10:58:33Z">
          <reporter-output>
          </reporter-output>
        </test-method> <!-- setUp -->
        <test-method status="PASS" signature="testEmptyGroupCreation()[pri:0, instance:com.example.tests.GroupCreationTests@629f0666]" name="testEmptyGroupCreation" duration-ms="1848" started-at="2014-05-20T10:58:33Z" finished-at="2014-05-20T10:58:35Z">
          <reporter-output>
          </reporter-output>
        </test-method> <!-- testEmptyGroupCreation -->
        <test-method status="PASS" signature="testNonEmptyGroupCreation()[pri:0, instance:com.example.tests.GroupCreationTests@629f0666]" name="testNonEmptyGroupCreation" duration-ms="1730" started-at="2014-05-20T10:58:35Z" finished-at="2014-05-20T10:58:37Z">
          <reporter-output>
          </reporter-output>
        </test-method> <!-- testNonEmptyGroupCreation -->
        <test-method status="PASS" signature="tearDown()[pri:0, instance:com.example.tests.GroupCreationTests@629f0666]" name="tearDown" is-config="true" duration-ms="261" started-at="2014-05-20T10:58:39Z" finished-at="2014-05-20T10:58:39Z">
          <reporter-output>
          </reporter-output>
        </test-method> <!-- tearDown -->
      </class> <!-- com.example.tests.GroupCreationTests -->
    </test> <!-- Default test -->
  </suite> <!-- Default suite -->
</testng-results>
