<?xml version="1.0" encoding="UTF-8"?>
<!-- Generated by org.testng.reporters.JUnitXMLReporter -->
<testsuite hostname="evolkova" name="Default test" tests="4" failures="0" timestamp="20 May 2014 06:58:39 GMT" time="12.743" errors="0">
  <testcase name="testEmptyGroupCreation" time="1.848" classname="com.example.tests.GroupCreationTests"/>
  <testcase name="testNonEmptyGroupCreation" time="1.73" classname="com.example.tests.GroupCreationTests"/>
  <testcase name="testEmptyGroupCreation" time="1.164" classname="com.example.tests.AlsoGroupCreationTests"/>
  <testcase name="testNonEmptyGroupCreation" time="1.232" classname="com.example.tests.AlsoGroupCreationTests"/>
</testsuite> <!-- Default test -->
