<?xml version="1.0" encoding="UTF-8"?>
<!-- Generated by org.testng.reporters.JUnitXMLReporter -->
<testsuite hostname="evolkova" name="Default test" tests="8" failures="0" timestamp="2 Jun 2014 14:15:24 GMT" time="20.881" errors="0">
  <testcase name="deleteSomeGroup" time="1.569" classname="com.example.tests.GroupRemovalTests"/>
  <testcase name="AddEmrtyContact" time="1.905" classname="com.example.tests.AddContact"/>
  <testcase name="testAddNewContact" time="2.32" classname="com.example.tests.AddContact"/>
  <testcase name="testEmptyGroupCreation" time="1.158" classname="com.example.tests.AlsoGroupCreationTests"/>
  <testcase name="testEmptyGroupCreation" time="1.21" classname="com.example.tests.GroupCreationTests"/>
  <testcase name="testNonEmptyGroupCreation" time="1.303" classname="com.example.tests.GroupCreationTests"/>
  <testcase name="AddEmrtyContact" time="1.794" classname="com.example.tests.AlsoAddContact"/>
  <testcase name="modifySomeGroup" time="1.204" classname="com.example.tests.GroupModificationTests"/>
</testsuite> <!-- Default test -->
